mode: set
github.io/MikhailProg/lsm-tree-db/internal/skiplist/skiplist.go:22.62,23.19 1 1
github.io/MikhailProg/lsm-tree-db/internal/skiplist/skiplist.go:23.19,25.3 1 0
github.io/MikhailProg/lsm-tree-db/internal/skiplist/skiplist.go:26.2,29.3 1 1
github.io/MikhailProg/lsm-tree-db/internal/skiplist/skiplist.go:32.48,35.39 2 1
github.io/MikhailProg/lsm-tree-db/internal/skiplist/skiplist.go:35.39,36.53 1 1
github.io/MikhailProg/lsm-tree-db/internal/skiplist/skiplist.go:36.53,38.4 1 1
github.io/MikhailProg/lsm-tree-db/internal/skiplist/skiplist.go:41.2,41.52 1 1
github.io/MikhailProg/lsm-tree-db/internal/skiplist/skiplist.go:41.52,43.3 1 1
github.io/MikhailProg/lsm-tree-db/internal/skiplist/skiplist.go:45.2,46.20 2 1
github.io/MikhailProg/lsm-tree-db/internal/skiplist/skiplist.go:49.41,51.50 2 1
github.io/MikhailProg/lsm-tree-db/internal/skiplist/skiplist.go:51.50,53.3 1 1
github.io/MikhailProg/lsm-tree-db/internal/skiplist/skiplist.go:54.2,54.14 1 1
github.io/MikhailProg/lsm-tree-db/internal/skiplist/skiplist.go:57.52,62.39 3 1
github.io/MikhailProg/lsm-tree-db/internal/skiplist/skiplist.go:62.39,63.53 1 1
github.io/MikhailProg/lsm-tree-db/internal/skiplist/skiplist.go:63.53,65.4 1 1
github.io/MikhailProg/lsm-tree-db/internal/skiplist/skiplist.go:67.3,67.53 1 1
github.io/MikhailProg/lsm-tree-db/internal/skiplist/skiplist.go:67.53,70.4 2 1
github.io/MikhailProg/lsm-tree-db/internal/skiplist/skiplist.go:72.3,72.19 1 1
github.io/MikhailProg/lsm-tree-db/internal/skiplist/skiplist.go:75.2,86.46 5 1
github.io/MikhailProg/lsm-tree-db/internal/skiplist/skiplist.go:86.46,89.3 2 1
github.io/MikhailProg/lsm-tree-db/internal/skiplist/skiplist.go:91.2,91.13 1 1
github.io/MikhailProg/lsm-tree-db/internal/skiplist/skiplist.go:94.45,98.39 3 1
github.io/MikhailProg/lsm-tree-db/internal/skiplist/skiplist.go:98.39,99.53 1 1
github.io/MikhailProg/lsm-tree-db/internal/skiplist/skiplist.go:99.53,101.4 1 1
github.io/MikhailProg/lsm-tree-db/internal/skiplist/skiplist.go:103.3,103.53 1 1
github.io/MikhailProg/lsm-tree-db/internal/skiplist/skiplist.go:103.53,106.4 2 1
github.io/MikhailProg/lsm-tree-db/internal/skiplist/skiplist.go:109.2,109.13 1 1
github.io/MikhailProg/lsm-tree-db/internal/skiplist/skiplist.go:109.13,112.3 2 1
github.io/MikhailProg/lsm-tree-db/internal/skiplist/skiplist.go:114.2,114.16 1 1
github.io/MikhailProg/lsm-tree-db/internal/skiplist/skiplist.go:117.33,119.39 2 0
github.io/MikhailProg/lsm-tree-db/internal/skiplist/skiplist.go:119.39,121.64 2 0
github.io/MikhailProg/lsm-tree-db/internal/skiplist/skiplist.go:121.64,123.4 1 0
github.io/MikhailProg/lsm-tree-db/internal/skiplist/skiplist.go:124.3,124.16 1 0
github.io/MikhailProg/lsm-tree-db/internal/skiplist/skiplist.go:132.78,134.2 1 1
github.io/MikhailProg/lsm-tree-db/internal/skiplist/skiplist.go:136.47,137.20 1 1
github.io/MikhailProg/lsm-tree-db/internal/skiplist/skiplist.go:137.20,141.3 3 1
github.io/MikhailProg/lsm-tree-db/internal/skiplist/skiplist.go:143.2,145.23 3 1
github.io/MikhailProg/lsm-tree-db/internal/bloom/bloom.go:22.61,23.20 1 1
github.io/MikhailProg/lsm-tree-db/internal/bloom/bloom.go:23.20,25.3 1 0
github.io/MikhailProg/lsm-tree-db/internal/bloom/bloom.go:27.2,31.3 1 1
github.io/MikhailProg/lsm-tree-db/internal/bloom/bloom.go:34.82,35.20 1 1
github.io/MikhailProg/lsm-tree-db/internal/bloom/bloom.go:35.20,37.3 1 0
github.io/MikhailProg/lsm-tree-db/internal/bloom/bloom.go:39.2,43.3 1 1
github.io/MikhailProg/lsm-tree-db/internal/bloom/bloom.go:46.39,48.2 1 1
github.io/MikhailProg/lsm-tree-db/internal/bloom/bloom.go:50.46,52.2 1 1
github.io/MikhailProg/lsm-tree-db/internal/bloom/bloom.go:54.33,61.36 4 1
github.io/MikhailProg/lsm-tree-db/internal/bloom/bloom.go:61.36,64.3 2 1
github.io/MikhailProg/lsm-tree-db/internal/bloom/bloom.go:67.31,69.2 1 1
github.io/MikhailProg/lsm-tree-db/internal/bloom/bloom.go:71.43,78.36 4 1
github.io/MikhailProg/lsm-tree-db/internal/bloom/bloom.go:78.36,80.27 2 1
github.io/MikhailProg/lsm-tree-db/internal/bloom/bloom.go:80.27,82.4 1 1
github.io/MikhailProg/lsm-tree-db/internal/bloom/bloom.go:85.2,85.13 1 1
github.io/MikhailProg/lsm-tree-db/internal/wal/wal.go:30.53,32.16 2 1
github.io/MikhailProg/lsm-tree-db/internal/wal/wal.go:32.16,34.3 1 0
github.io/MikhailProg/lsm-tree-db/internal/wal/wal.go:35.2,35.18 1 1
github.io/MikhailProg/lsm-tree-db/internal/wal/wal.go:38.30,40.2 1 1
github.io/MikhailProg/lsm-tree-db/internal/wal/wal.go:42.68,47.29 2 1
github.io/MikhailProg/lsm-tree-db/internal/wal/wal.go:47.29,49.3 1 1
github.io/MikhailProg/lsm-tree-db/internal/wal/wal.go:51.2,62.45 9 1
github.io/MikhailProg/lsm-tree-db/internal/wal/wal.go:62.45,64.3 1 0
github.io/MikhailProg/lsm-tree-db/internal/wal/wal.go:66.2,66.22 1 1
github.io/MikhailProg/lsm-tree-db/internal/wal/wal.go:69.54,74.6 3 1
github.io/MikhailProg/lsm-tree-db/internal/wal/wal.go:74.6,75.54 1 1
github.io/MikhailProg/lsm-tree-db/internal/wal/wal.go:75.54,76.21 1 1
github.io/MikhailProg/lsm-tree-db/internal/wal/wal.go:76.21,77.10 1 1
github.io/MikhailProg/lsm-tree-db/internal/wal/wal.go:79.4,79.14 1 0
github.io/MikhailProg/lsm-tree-db/internal/wal/wal.go:82.3,88.51 6 1
github.io/MikhailProg/lsm-tree-db/internal/wal/wal.go:88.51,90.4 1 0
github.io/MikhailProg/lsm-tree-db/internal/wal/wal.go:92.3,95.51 3 1
github.io/MikhailProg/lsm-tree-db/internal/wal/wal.go:95.51,97.4 1 0
github.io/MikhailProg/lsm-tree-db/internal/wal/wal.go:99.3,103.31 5 1
github.io/MikhailProg/lsm-tree-db/internal/wal/wal.go:103.31,105.4 1 0
github.io/MikhailProg/lsm-tree-db/internal/wal/wal.go:107.3,113.35 2 1
github.io/MikhailProg/lsm-tree-db/internal/wal/wal.go:113.35,115.4 1 0
github.io/MikhailProg/lsm-tree-db/internal/wal/wal.go:118.2,118.12 1 1
github.io/MikhailProg/lsm-tree-db/internal/memtable/memtable.go:18.49,23.2 1 1
github.io/MikhailProg/lsm-tree-db/internal/memtable/memtable.go:33.71,37.26 3 1
github.io/MikhailProg/lsm-tree-db/internal/memtable/memtable.go:37.26,38.13 1 1
github.io/MikhailProg/lsm-tree-db/internal/memtable/memtable.go:38.13,40.4 1 1
github.io/MikhailProg/lsm-tree-db/internal/memtable/memtable.go:40.9,42.4 1 1
github.io/MikhailProg/lsm-tree-db/internal/memtable/memtable.go:43.8,44.13 1 1
github.io/MikhailProg/lsm-tree-db/internal/memtable/memtable.go:44.13,46.4 1 0
github.io/MikhailProg/lsm-tree-db/internal/memtable/memtable.go:46.9,48.4 1 1
github.io/MikhailProg/lsm-tree-db/internal/memtable/memtable.go:52.55,61.16 6 1
github.io/MikhailProg/lsm-tree-db/internal/memtable/memtable.go:61.16,63.3 1 0
github.io/MikhailProg/lsm-tree-db/internal/memtable/memtable.go:65.2,67.12 2 1
github.io/MikhailProg/lsm-tree-db/internal/memtable/memtable.go:70.45,75.16 4 1
github.io/MikhailProg/lsm-tree-db/internal/memtable/memtable.go:75.16,77.3 1 0
github.io/MikhailProg/lsm-tree-db/internal/memtable/memtable.go:79.2,81.12 2 1
github.io/MikhailProg/lsm-tree-db/internal/memtable/memtable.go:84.51,89.2 3 1
github.io/MikhailProg/lsm-tree-db/internal/memtable/memtable.go:91.36,92.54 1 1
github.io/MikhailProg/lsm-tree-db/internal/memtable/memtable.go:92.54,93.19 1 1
github.io/MikhailProg/lsm-tree-db/internal/memtable/memtable.go:94.23,95.43 1 1
github.io/MikhailProg/lsm-tree-db/internal/memtable/memtable.go:96.23,97.37 1 0
github.io/MikhailProg/lsm-tree-db/internal/memtable/memtable.go:99.3,99.13 1 1
github.io/MikhailProg/lsm-tree-db/internal/memtable/memtable.go:102.2,102.12 1 1
